Flow report for f_adder
Sun Feb 02 22:40:08 2020
Quartus II 64-Bit Version 13.0.0 Build 156 04/24/2013 SJ Full Version


---------------------
; Table of Contents ;
---------------------
  1. Legal Notice
  2. Flow Summary
  3. Flow Settings
  4. Flow Non-Default Global Settings
  5. Flow Elapsed Time
  6. Flow OS Summary
  7. Flow Log
  8. Flow Messages
  9. Flow Suppressed Messages



----------------
; Legal Notice ;
----------------
Copyright (C) 1991-2013 Altera Corporation
Your use of Altera Corporation's design tools, logic functions 
and other software and tools, and its AMPP partner logic 
functions, and any output files from any of the foregoing 
(including device programming or simulation files), and any 
associated documentation or information are expressly subject 
to the terms and conditions of the Altera Program License 
Subscription Agreement, Altera MegaCore Function License 
Agreement, or other applicable license agreement, including, 
without limitation, that your use is for the sole purpose of 
programming logic devices manufactured by Altera and sold by 
Altera or its authorized distributors.  Please refer to the 
applicable agreement for further details.



+----------------------------------------------------------------------------------+
; Flow Summary                                                                     ;
+------------------------------------+---------------------------------------------+
; Flow Status                        ; Successful - Sun Feb 02 22:40:08 2020       ;
; Quartus II 64-Bit Version          ; 13.0.0 Build 156 04/24/2013 SJ Full Version ;
; Revision Name                      ; f_adder                                     ;
; Top-level Entity Name              ; four_full_adder                             ;
; Family                             ; Cyclone III                                 ;
; Device                             ; EP3C55F484C8                                ;
; Timing Models                      ; Final                                       ;
; Total logic elements               ; 7 / 55,856 ( < 1 % )                        ;
;     Total combinational functions  ; 7 / 55,856 ( < 1 % )                        ;
;     Dedicated logic registers      ; 0 / 55,856 ( 0 % )                          ;
; Total registers                    ; 0                                           ;
; Total pins                         ; 14 / 328 ( 4 % )                            ;
; Total virtual pins                 ; 0                                           ;
; Total memory bits                  ; 0 / 2,396,160 ( 0 % )                       ;
; Embedded Multiplier 9-bit elements ; 0 / 312 ( 0 % )                             ;
; Total PLLs                         ; 0 / 4 ( 0 % )                               ;
+------------------------------------+---------------------------------------------+


+-----------------------------------------+
; Flow Settings                           ;
+-------------------+---------------------+
; Option            ; Setting             ;
+-------------------+---------------------+
; Start date & time ; 02/02/2020 22:39:11 ;
; Main task         ; Compilation         ;
; Revision Name     ; f_adder             ;
+-------------------+---------------------+


+-------------------------------------------------------------------------------------------------------------------------+
; Flow Non-Default Global Settings                                                                                        ;
+-------------------------------------+--------------------------------+---------------+-----------------+----------------+
; Assignment Name                     ; Value                          ; Default Value ; Entity Name     ; Section Id     ;
+-------------------------------------+--------------------------------+---------------+-----------------+----------------+
; COMPILER_SIGNATURE_ID               ; 27332941027997.158065435138392 ; --            ; --              ; --             ;
; EDA_GENERATE_FUNCTIONAL_NETLIST     ; On                             ; --            ; --              ; eda_simulation ;
; EDA_OUTPUT_DATA_FORMAT              ; Verilog Hdl                    ; --            ; --              ; eda_simulation ;
; EDA_SIMULATION_TOOL                 ; ModelSim-Altera (Verilog)      ; <None>        ; --              ; --             ;
; EDA_TIME_SCALE                      ; 1 ps                           ; --            ; --              ; eda_simulation ;
; MAX_CORE_JUNCTION_TEMP              ; 85                             ; --            ; --              ; --             ;
; MIN_CORE_JUNCTION_TEMP              ; 0                              ; --            ; --              ; --             ;
; NOMINAL_CORE_SUPPLY_VOLTAGE         ; 1.2V                           ; --            ; --              ; --             ;
; PARTITION_COLOR                     ; 16764057                       ; --            ; four_full_adder ; Top            ;
; PARTITION_FITTER_PRESERVATION_LEVEL ; PLACEMENT_AND_ROUTING          ; --            ; four_full_adder ; Top            ;
; PARTITION_NETLIST_TYPE              ; SOURCE                         ; --            ; four_full_adder ; Top            ;
; PROJECT_OUTPUT_DIRECTORY            ; output                         ; --            ; --              ; --             ;
; TOP_LEVEL_ENTITY                    ; four_full_adder                ; f_adder       ; --              ; --             ;
+-------------------------------------+--------------------------------+---------------+-----------------+----------------+


+-------------------------------------------------------------------------------------------------------------------------------+
; Flow Elapsed Time                                                                                                             ;
+---------------------------+--------------+-------------------------+---------------------+------------------------------------+
; Module Name               ; Elapsed Time ; Average Processors Used ; Peak Virtual Memory ; Total CPU Time (on all processors) ;
+---------------------------+--------------+-------------------------+---------------------+------------------------------------+
; Analysis & Synthesis      ; 00:00:08     ; 1.0                     ; 4661 MB             ; 00:00:03                           ;
; Fitter                    ; 00:00:21     ; 1.3                     ; 5354 MB             ; 00:00:13                           ;
; Assembler                 ; 00:00:06     ; 1.0                     ; 4559 MB             ; 00:00:04                           ;
; TimeQuest Timing Analyzer ; 00:00:03     ; 1.0                     ; 4664 MB             ; 00:00:03                           ;
; EDA Netlist Writer        ; 00:00:01     ; 1.0                     ; 4516 MB             ; 00:00:01                           ;
; Total                     ; 00:00:39     ; --                      ; --                  ; 00:00:24                           ;
+---------------------------+--------------+-------------------------+---------------------+------------------------------------+


+----------------------------------------------------------------------------------------+
; Flow OS Summary                                                                        ;
+---------------------------+------------------+-----------+------------+----------------+
; Module Name               ; Machine Hostname ; OS Name   ; OS Version ; Processor type ;
+---------------------------+------------------+-----------+------------+----------------+
; Analysis & Synthesis      ; DESKTOP-DP3V9D3  ; Windows 7 ; 6.2        ; x86_64         ;
; Fitter                    ; DESKTOP-DP3V9D3  ; Windows 7 ; 6.2        ; x86_64         ;
; Assembler                 ; DESKTOP-DP3V9D3  ; Windows 7 ; 6.2        ; x86_64         ;
; TimeQuest Timing Analyzer ; DESKTOP-DP3V9D3  ; Windows 7 ; 6.2        ; x86_64         ;
; EDA Netlist Writer        ; DESKTOP-DP3V9D3  ; Windows 7 ; 6.2        ; x86_64         ;
+---------------------------+------------------+-----------+------------+----------------+


------------
; Flow Log ;
------------
quartus_map --read_settings_files=on --write_settings_files=off f_adder -c f_adder
quartus_fit --read_settings_files=off --write_settings_files=off f_adder -c f_adder
quartus_asm --read_settings_files=off --write_settings_files=off f_adder -c f_adder
quartus_sta f_adder -c f_adder
quartus_eda --read_settings_files=off --write_settings_files=off f_adder -c f_adder



